Arguments: 
  C:\Program Files\nodejs\node.exe C:\Users\vaniz\AppData\Roaming\npm\node_modules\yarn\bin\yarn.js add typescript -D

PATH: 
  C:\Program Files\Common Files\Oracle\Java\javapath;C:\Windows\system32;C:\Windows;C:\Windows\System32\Wbem;C:\Windows\System32\WindowsPowerShell\v1.0\;C:\Windows\System32\OpenSSH\;C:\Program Files\dotnet\;C:\Program Files\Git\cmd;C:\Program Files\GitHub CLI\;C:\Program Files\Docker\Docker\resources\bin;C:\Program Files\Java\jdk-20\bin;C:\Program Files\Maven\bin;C:\Program Files\nodejs\;C:\ProgramData\chocolatey\bin;C:\Users\vaniz\AppData\Local\Programs\Python\Python311\Scripts\;C:\Users\vaniz\AppData\Local\Programs\Python\Python311\;C:\Users\vaniz\AppData\Local\Microsoft\WindowsApps;C:\Users\vaniz\AppData\Local\Programs\Microsoft VS Code\bin;C:\Users\vaniz\AppData\Local\atom\bin;C:\Users\vaniz\AppData\Local\GitHubDesktop\bin;C:\Users\vaniz\AppData\Roaming\npm

Yarn version: 
  1.22.19

Node version: 
  18.18.0

Platform: 
  win32 x64

Trace: 
  Error: 54230000:error:1C800066:Provider routines:ossl_gcm_stream_update:cipher operation failed:c:\ws\deps\openssl\openssl\providers\implementations\ciphers\ciphercommon_gcm.c:320:

npm manifest: 
  {
    "name": "ControleDeEstoque",
    "version": "1.0.0",
    "main": "index.js",
    "license": "MIT"
  }

yarn manifest: 
  No manifest

Lockfile: 
  No lockfile
